<?xml version="1.0" encoding="UTF-8"?>
<coverage generated="1660661258436" clover="3.2.0">
  <project timestamp="1660661258437" name="All files">
    <metrics statements="40" coveredstatements="38" conditionals="20" coveredconditionals="18" methods="23" coveredmethods="22" elements="83" coveredelements="78" complexity="0" loc="40" ncloc="40" packages="2" files="7" classes="7"/>
    <package name="src">
      <metrics statements="3" coveredstatements="2" conditionals="0" coveredconditionals="0" methods="1" coveredmethods="1"/>
      <file name="App.js" path="C:\Bitnami\wampstack-8.1.6-0\apache2\htdocs\Internship-Project-Task-Management\src\App.js">
        <metrics statements="2" coveredstatements="2" conditionals="0" coveredconditionals="0" methods="1" coveredmethods="1"/>
        <line num="9" count="35" type="stmt"/>
        <line num="10" count="35" type="stmt"/>
      </file>
      <file name="index.js" path="C:\Bitnami\wampstack-8.1.6-0\apache2\htdocs\Internship-Project-Task-Management\src\index.js">
        <metrics statements="1" coveredstatements="0" conditionals="0" coveredconditionals="0" methods="0" coveredmethods="0"/>
        <line num="5" count="0" type="stmt"/>
      </file>
    </package>
    <package name="src.components">
      <metrics statements="37" coveredstatements="36" conditionals="20" coveredconditionals="18" methods="22" coveredmethods="21"/>
      <file name="AddNewTask.js" path="C:\Bitnami\wampstack-8.1.6-0\apache2\htdocs\Internship-Project-Task-Management\src\components\AddNewTask.js">
        <metrics statements="12" coveredstatements="12" conditionals="2" coveredconditionals="2" methods="3" coveredmethods="3"/>
        <line num="6" count="37" type="stmt"/>
        <line num="7" count="37" type="stmt"/>
        <line num="8" count="37" type="stmt"/>
        <line num="9" count="37" type="stmt"/>
        <line num="10" count="37" type="cond" truecount="2" falsecount="0"/>
        <line num="11" count="2" type="stmt"/>
        <line num="13" count="35" type="stmt"/>
        <line num="14" count="35" type="stmt"/>
        <line num="15" count="35" type="stmt"/>
        <line num="16" count="35" type="stmt"/>
        <line num="17" count="35" type="stmt"/>
        <line num="22" count="72" type="stmt"/>
      </file>
      <file name="Column.js" path="C:\Bitnami\wampstack-8.1.6-0\apache2\htdocs\Internship-Project-Task-Management\src\components\Column.js">
        <metrics statements="3" coveredstatements="3" conditionals="0" coveredconditionals="0" methods="2" coveredmethods="2"/>
        <line num="6" count="208" type="stmt"/>
        <line num="7" count="80" type="stmt"/>
        <line num="18" count="208" type="stmt"/>
      </file>
      <file name="FilterTask.js" path="C:\Bitnami\wampstack-8.1.6-0\apache2\htdocs\Internship-Project-Task-Management\src\components\FilterTask.js">
        <metrics statements="8" coveredstatements="8" conditionals="6" coveredconditionals="5" methods="4" coveredmethods="4"/>
        <line num="6" count="7" type="stmt"/>
        <line num="7" count="7" type="stmt"/>
        <line num="8" count="7" type="stmt"/>
        <line num="10" count="21" type="cond" truecount="2" falsecount="0"/>
        <line num="11" count="3" type="stmt"/>
        <line num="12" count="18" type="cond" truecount="1" falsecount="1"/>
        <line num="13" count="18" type="stmt"/>
        <line num="21" count="36" type="stmt"/>
      </file>
      <file name="TaskDisplay.js" path="C:\Bitnami\wampstack-8.1.6-0\apache2\htdocs\Internship-Project-Task-Management\src\components\TaskDisplay.js">
        <metrics statements="5" coveredstatements="5" conditionals="2" coveredconditionals="2" methods="3" coveredmethods="3"/>
        <line num="7" count="207" type="stmt"/>
        <line num="8" count="243" type="cond" truecount="2" falsecount="0"/>
        <line num="9" count="80" type="stmt"/>
        <line num="11" count="207" type="stmt"/>
        <line num="14" count="69" type="stmt"/>
      </file>
      <file name="TaskTemplate.js" path="C:\Bitnami\wampstack-8.1.6-0\apache2\htdocs\Internship-Project-Task-Management\src\components\TaskTemplate.js">
        <metrics statements="9" coveredstatements="8" conditionals="10" coveredconditionals="9" methods="10" coveredmethods="9"/>
        <line num="6" count="2" type="stmt"/>
        <line num="7" count="2" type="stmt"/>
        <line num="11" count="3" type="stmt"/>
        <line num="12" count="3" type="stmt"/>
        <line num="14" count="3" type="cond" truecount="1" falsecount="1"/>
        <line num="17" count="80" type="stmt"/>
        <line num="24" count="0" type="cond" truecount="2" falsecount="0"/>
        <line num="25" count="2" type="cond" truecount="2" falsecount="0"/>
        <line num="26" count="1" type="cond" truecount="2" falsecount="0"/>
      </file>
    </package>
  </project>
</coverage>
