{"C:\\Bitnami\\wampstack-8.1.6-0\\apache2\\htdocs\\reactTaskboard\\src\\App.js": {"path":"C:\\Bitnami\\wampstack-8.1.6-0\\apache2\\htdocs\\reactTaskboard\\src\\App.js","statementMap":{"0":{"start":{"line":9,"column":36},"end":{"line":9,"column":54}},"1":{"start":{"line":10,"column":4},"end":{"line":16,"column":3}}},"fnMap":{"0":{"name":"App","decl":{"start":{"line":8,"column":24},"end":{"line":8,"column":27}},"loc":{"start":{"line":8,"column":30},"end":{"line":17,"column":1}},"line":8}},"branchMap":{},"s":{"0":35,"1":35},"f":{"0":35},"b":{},"_coverageSchema":"1a1c01bbd47fc00a2c39e90264f33305004495a9","hash":"483066c3e7c592926921558bf3ef248df282d6c9"}
,"C:\\Bitnami\\wampstack-8.1.6-0\\apache2\\htdocs\\reactTaskboard\\src\\index.js": {"path":"C:\\Bitnami\\wampstack-8.1.6-0\\apache2\\htdocs\\reactTaskboard\\src\\index.js","statementMap":{"0":{"start":{"line":5,"column":0},"end":{"line":5,"column":58}}},"fnMap":{},"branchMap":{},"s":{"0":0},"f":{},"b":{}}
,"C:\\Bitnami\\wampstack-8.1.6-0\\apache2\\htdocs\\reactTaskboard\\src\\components\\AddNewTask.js": {"path":"C:\\Bitnami\\wampstack-8.1.6-0\\apache2\\htdocs\\reactTaskboard\\src\\components\\AddNewTask.js","statementMap":{"0":{"start":{"line":4,"column":21},"end":{"line":4,"column":36}},"1":{"start":{"line":5,"column":24},"end":{"line":5,"column":40}},"2":{"start":{"line":8,"column":24},"end":{"line":8,"column":73}},"3":{"start":{"line":9,"column":27},"end":{"line":9,"column":50}},"4":{"start":{"line":10,"column":22},"end":{"line":10,"column":67}},"5":{"start":{"line":11,"column":27},"end":{"line":11,"column":40}},"6":{"start":{"line":12,"column":8},"end":{"line":21,"column":9}},"7":{"start":{"line":13,"column":12},"end":{"line":13,"column":19}},"8":{"start":{"line":15,"column":12},"end":{"line":15,"column":31}},"9":{"start":{"line":16,"column":12},"end":{"line":16,"column":40}},"10":{"start":{"line":17,"column":26},"end":{"line":17,"column":41}},"11":{"start":{"line":18,"column":12},"end":{"line":20,"column":14}},"12":{"start":{"line":19,"column":16},"end":{"line":19,"column":110}},"13":{"start":{"line":24,"column":4},"end":{"line":35,"column":5}}},"fnMap":{"0":{"name":"AddNewTask","decl":{"start":{"line":3,"column":24},"end":{"line":3,"column":34}},"loc":{"start":{"line":3,"column":41},"end":{"line":36,"column":1}},"line":3},"1":{"name":"handleClick","decl":{"start":{"line":7,"column":13},"end":{"line":7,"column":24}},"loc":{"start":{"line":7,"column":26},"end":{"line":22,"column":5}},"line":7},"2":{"name":"(anonymous_2)","decl":{"start":{"line":18,"column":24},"end":{"line":18,"column":25}},"loc":{"start":{"line":18,"column":40},"end":{"line":20,"column":13}},"line":18}},"branchMap":{"0":{"loc":{"start":{"line":12,"column":8},"end":{"line":21,"column":9}},"type":"if","locations":[{"start":{"line":12,"column":8},"end":{"line":21,"column":9}},{"start":{"line":14,"column":15},"end":{"line":21,"column":9}}],"line":12}},"s":{"0":72,"1":72,"2":37,"3":37,"4":37,"5":37,"6":37,"7":2,"8":35,"9":35,"10":35,"11":35,"12":35,"13":72},"f":{"0":72,"1":37,"2":35},"b":{"0":[2,35]},"_coverageSchema":"1a1c01bbd47fc00a2c39e90264f33305004495a9","hash":"3859b589b70c18c3e84f2e447d985a8c9e9dff95"}
,"C:\\Bitnami\\wampstack-8.1.6-0\\apache2\\htdocs\\reactTaskboard\\src\\components\\Column.js": {"path":"C:\\Bitnami\\wampstack-8.1.6-0\\apache2\\htdocs\\reactTaskboard\\src\\components\\Column.js","statementMap":{"0":{"start":{"line":6,"column":25},"end":{"line":16,"column":11}},"1":{"start":{"line":7,"column":8},"end":{"line":16,"column":9}},"2":{"start":{"line":18,"column":4},"end":{"line":28,"column":5}}},"fnMap":{"0":{"name":"Column","decl":{"start":{"line":4,"column":24},"end":{"line":4,"column":30}},"loc":{"start":{"line":4,"column":37},"end":{"line":29,"column":1}},"line":4},"1":{"name":"(anonymous_1)","decl":{"start":{"line":6,"column":47},"end":{"line":6,"column":48}},"loc":{"start":{"line":6,"column":55},"end":{"line":16,"column":10}},"line":6}},"branchMap":{},"s":{"0":208,"1":80,"2":208},"f":{"0":208,"1":80},"b":{},"_coverageSchema":"1a1c01bbd47fc00a2c39e90264f33305004495a9","hash":"10257e5d3da00ba123a3273349ebabcf665e5776"}
,"C:\\Bitnami\\wampstack-8.1.6-0\\apache2\\htdocs\\reactTaskboard\\src\\components\\FilterTask.js": {"path":"C:\\Bitnami\\wampstack-8.1.6-0\\apache2\\htdocs\\reactTaskboard\\src\\components\\FilterTask.js","statementMap":{"0":{"start":{"line":5,"column":21},"end":{"line":5,"column":36}},"1":{"start":{"line":6,"column":24},"end":{"line":6,"column":40}},"2":{"start":{"line":9,"column":20},"end":{"line":9,"column":72}},"3":{"start":{"line":10,"column":8},"end":{"line":21,"column":15}},"4":{"start":{"line":11,"column":12},"end":{"line":21,"column":13}},"5":{"start":{"line":13,"column":20},"end":{"line":19,"column":21}},"6":{"start":{"line":14,"column":24},"end":{"line":14,"column":54}},"7":{"start":{"line":15,"column":27},"end":{"line":19,"column":21}},"8":{"start":{"line":16,"column":24},"end":{"line":18,"column":25}},"9":{"start":{"line":24,"column":4},"end":{"line":28,"column":5}}},"fnMap":{"0":{"name":"FilterTask","decl":{"start":{"line":3,"column":24},"end":{"line":3,"column":34}},"loc":{"start":{"line":3,"column":41},"end":{"line":29,"column":1}},"line":3},"1":{"name":"filterList","decl":{"start":{"line":8,"column":13},"end":{"line":8,"column":23}},"loc":{"start":{"line":8,"column":26},"end":{"line":22,"column":9}},"line":8},"2":{"name":"(anonymous_2)","decl":{"start":{"line":10,"column":20},"end":{"line":10,"column":21}},"loc":{"start":{"line":10,"column":36},"end":{"line":21,"column":14}},"line":10},"3":{"name":"(anonymous_3)","decl":{"start":{"line":12,"column":34},"end":{"line":12,"column":35}},"loc":{"start":{"line":12,"column":42},"end":{"line":20,"column":17}},"line":12}},"branchMap":{"0":{"loc":{"start":{"line":13,"column":20},"end":{"line":19,"column":21}},"type":"if","locations":[{"start":{"line":13,"column":20},"end":{"line":19,"column":21}},{"start":{"line":15,"column":27},"end":{"line":19,"column":21}}],"line":13},"1":{"loc":{"start":{"line":15,"column":27},"end":{"line":19,"column":21}},"type":"if","locations":[{"start":{"line":15,"column":27},"end":{"line":19,"column":21}},{"start":{},"end":{}}],"line":15},"2":{"loc":{"start":{"line":17,"column":28},"end":{"line":17,"column":89}},"type":"cond-expr","locations":[{"start":{"line":17,"column":60},"end":{"line":17,"column":64}},{"start":{"line":17,"column":67},"end":{"line":17,"column":89}}],"line":17}},"s":{"0":36,"1":36,"2":7,"3":7,"4":7,"5":21,"6":3,"7":18,"8":18,"9":36},"f":{"0":36,"1":7,"2":7,"3":21},"b":{"0":[3,18],"1":[18,0],"2":[9,9]},"_coverageSchema":"1a1c01bbd47fc00a2c39e90264f33305004495a9","hash":"d8ba7d73ba5758797bff3dbd8c372dd26c851cbe"}
,"C:\\Bitnami\\wampstack-8.1.6-0\\apache2\\htdocs\\reactTaskboard\\src\\components\\TaskDisplay.js": {"path":"C:\\Bitnami\\wampstack-8.1.6-0\\apache2\\htdocs\\reactTaskboard\\src\\components\\TaskDisplay.js","statementMap":{"0":{"start":{"line":5,"column":21},"end":{"line":5,"column":36}},"1":{"start":{"line":8,"column":26},"end":{"line":11,"column":10}},"2":{"start":{"line":9,"column":12},"end":{"line":10,"column":26}},"3":{"start":{"line":10,"column":12},"end":{"line":10,"column":26}},"4":{"start":{"line":12,"column":8},"end":{"line":12,"column":26}},"5":{"start":{"line":15,"column":4},"end":{"line":21,"column":5}}},"fnMap":{"0":{"name":"TaskDisplay","decl":{"start":{"line":4,"column":24},"end":{"line":4,"column":35}},"loc":{"start":{"line":4,"column":43},"end":{"line":22,"column":1}},"line":4},"1":{"name":"countTask","decl":{"start":{"line":7,"column":13},"end":{"line":7,"column":22}},"loc":{"start":{"line":7,"column":34},"end":{"line":13,"column":5}},"line":7},"2":{"name":"(anonymous_2)","decl":{"start":{"line":8,"column":42},"end":{"line":8,"column":43}},"loc":{"start":{"line":8,"column":53},"end":{"line":11,"column":9}},"line":8}},"branchMap":{"0":{"loc":{"start":{"line":9,"column":12},"end":{"line":10,"column":26}},"type":"if","locations":[{"start":{"line":9,"column":12},"end":{"line":10,"column":26}},{"start":{},"end":{}}],"line":9}},"s":{"0":69,"1":207,"2":243,"3":80,"4":207,"5":69},"f":{"0":69,"1":207,"2":243},"b":{"0":[80,163]},"_coverageSchema":"1a1c01bbd47fc00a2c39e90264f33305004495a9","hash":"9751272843b9214ce71dd82dfa089773fb43dddc"}
,"C:\\Bitnami\\wampstack-8.1.6-0\\apache2\\htdocs\\reactTaskboard\\src\\components\\TaskTemplate.js": {"path":"C:\\Bitnami\\wampstack-8.1.6-0\\apache2\\htdocs\\reactTaskboard\\src\\components\\TaskTemplate.js","statementMap":{"0":{"start":{"line":4,"column":21},"end":{"line":4,"column":36}},"1":{"start":{"line":5,"column":24},"end":{"line":5,"column":40}},"2":{"start":{"line":8,"column":8},"end":{"line":10,"column":10}},"3":{"start":{"line":9,"column":12},"end":{"line":9,"column":73}},"4":{"start":{"line":9,"column":50},"end":{"line":9,"column":70}},"5":{"start":{"line":13,"column":8},"end":{"line":17,"column":15}},"6":{"start":{"line":14,"column":12},"end":{"line":17,"column":13}},"7":{"start":{"line":16,"column":20},"end":{"line":16,"column":85}},"8":{"start":{"line":19,"column":4},"end":{"line":32,"column":5}},"9":{"start":{"line":26,"column":74},"end":{"line":26,"column":85}},"10":{"start":{"line":27,"column":74},"end":{"line":27,"column":85}},"11":{"start":{"line":28,"column":74},"end":{"line":28,"column":85}}},"fnMap":{"0":{"name":"TaskTemplate","decl":{"start":{"line":3,"column":24},"end":{"line":3,"column":36}},"loc":{"start":{"line":3,"column":44},"end":{"line":33,"column":1}},"line":3},"1":{"name":"removeTask","decl":{"start":{"line":7,"column":13},"end":{"line":7,"column":23}},"loc":{"start":{"line":7,"column":25},"end":{"line":10,"column":11}},"line":7},"2":{"name":"(anonymous_2)","decl":{"start":{"line":8,"column":20},"end":{"line":8,"column":21}},"loc":{"start":{"line":8,"column":36},"end":{"line":10,"column":9}},"line":8},"3":{"name":"(anonymous_3)","decl":{"start":{"line":9,"column":41},"end":{"line":9,"column":42}},"loc":{"start":{"line":9,"column":50},"end":{"line":9,"column":70}},"line":9},"4":{"name":"moveTask","decl":{"start":{"line":12,"column":13},"end":{"line":12,"column":21}},"loc":{"start":{"line":12,"column":30},"end":{"line":17,"column":16}},"line":12},"5":{"name":"(anonymous_5)","decl":{"start":{"line":13,"column":20},"end":{"line":13,"column":21}},"loc":{"start":{"line":13,"column":36},"end":{"line":17,"column":14}},"line":13},"6":{"name":"(anonymous_6)","decl":{"start":{"line":15,"column":33},"end":{"line":15,"column":34}},"loc":{"start":{"line":15,"column":41},"end":{"line":16,"column":86}},"line":15},"7":{"name":"(anonymous_7)","decl":{"start":{"line":26,"column":68},"end":{"line":26,"column":69}},"loc":{"start":{"line":26,"column":74},"end":{"line":26,"column":85}},"line":26},"8":{"name":"(anonymous_8)","decl":{"start":{"line":27,"column":68},"end":{"line":27,"column":69}},"loc":{"start":{"line":27,"column":74},"end":{"line":27,"column":85}},"line":27},"9":{"name":"(anonymous_9)","decl":{"start":{"line":28,"column":68},"end":{"line":28,"column":69}},"loc":{"start":{"line":28,"column":74},"end":{"line":28,"column":85}},"line":28}},"branchMap":{"0":{"loc":{"start":{"line":16,"column":27},"end":{"line":16,"column":84}},"type":"cond-expr","locations":[{"start":{"line":16,"column":53},"end":{"line":16,"column":77}},{"start":{"line":16,"column":80},"end":{"line":16,"column":84}}],"line":16},"1":{"loc":{"start":{"line":20,"column":99},"end":{"line":20,"column":128}},"type":"cond-expr","locations":[{"start":{"line":20,"column":112},"end":{"line":20,"column":119}},{"start":{"line":20,"column":122},"end":{"line":20,"column":128}}],"line":20},"2":{"loc":{"start":{"line":26,"column":21},"end":{"line":26,"column":101}},"type":"binary-expr","locations":[{"start":{"line":26,"column":21},"end":{"line":26,"column":39}},{"start":{"line":26,"column":43},"end":{"line":26,"column":101}}],"line":26},"3":{"loc":{"start":{"line":27,"column":21},"end":{"line":27,"column":107}},"type":"binary-expr","locations":[{"start":{"line":27,"column":21},"end":{"line":27,"column":39}},{"start":{"line":27,"column":43},"end":{"line":27,"column":107}}],"line":27},"4":{"loc":{"start":{"line":28,"column":21},"end":{"line":28,"column":104}},"type":"binary-expr","locations":[{"start":{"line":28,"column":21},"end":{"line":28,"column":39}},{"start":{"line":28,"column":43},"end":{"line":28,"column":104}}],"line":28}},"s":{"0":80,"1":80,"2":2,"3":2,"4":2,"5":3,"6":3,"7":3,"8":80,"9":1,"10":1,"11":1},"f":{"0":80,"1":2,"2":2,"3":2,"4":3,"5":3,"6":3,"7":1,"8":1,"9":1},"b":{"0":[3,0],"1":[71,9],"2":[80,47],"3":[80,55],"4":[80,58]},"_coverageSchema":"1a1c01bbd47fc00a2c39e90264f33305004495a9","hash":"27cd3e4f9c757f82b4f5a881f5288f41a62a3f3c"}
}
