{"C:\\Bitnami\\wampstack-8.1.6-0\\apache2\\htdocs\\reactTaskboard\\src\\App.js": {"path":"C:\\Bitnami\\wampstack-8.1.6-0\\apache2\\htdocs\\reactTaskboard\\src\\App.js","statementMap":{"0":{"start":{"line":9,"column":36},"end":{"line":9,"column":54}},"1":{"start":{"line":10,"column":4},"end":{"line":16,"column":3}}},"fnMap":{"0":{"name":"App","decl":{"start":{"line":8,"column":24},"end":{"line":8,"column":27}},"loc":{"start":{"line":8,"column":30},"end":{"line":17,"column":1}},"line":8}},"branchMap":{},"s":{"0":35,"1":35},"f":{"0":35},"b":{},"_coverageSchema":"1a1c01bbd47fc00a2c39e90264f33305004495a9","hash":"483066c3e7c592926921558bf3ef248df282d6c9"}
,"C:\\Bitnami\\wampstack-8.1.6-0\\apache2\\htdocs\\reactTaskboard\\src\\index.js": {"path":"C:\\Bitnami\\wampstack-8.1.6-0\\apache2\\htdocs\\reactTaskboard\\src\\index.js","statementMap":{"0":{"start":{"line":5,"column":0},"end":{"line":5,"column":58}}},"fnMap":{},"branchMap":{},"s":{"0":0},"f":{},"b":{}}
,"C:\\Bitnami\\wampstack-8.1.6-0\\apache2\\htdocs\\reactTaskboard\\src\\components\\AddNewTask.js": {"path":"C:\\Bitnami\\wampstack-8.1.6-0\\apache2\\htdocs\\reactTaskboard\\src\\components\\AddNewTask.js","statementMap":{"0":{"start":{"line":6,"column":24},"end":{"line":6,"column":73}},"1":{"start":{"line":7,"column":27},"end":{"line":7,"column":50}},"2":{"start":{"line":8,"column":22},"end":{"line":8,"column":67}},"3":{"start":{"line":9,"column":27},"end":{"line":9,"column":40}},"4":{"start":{"line":10,"column":8},"end":{"line":19,"column":9}},"5":{"start":{"line":11,"column":12},"end":{"line":11,"column":19}},"6":{"start":{"line":13,"column":12},"end":{"line":13,"column":31}},"7":{"start":{"line":14,"column":12},"end":{"line":14,"column":40}},"8":{"start":{"line":15,"column":26},"end":{"line":15,"column":41}},"9":{"start":{"line":16,"column":12},"end":{"line":18,"column":14}},"10":{"start":{"line":17,"column":16},"end":{"line":17,"column":110}},"11":{"start":{"line":22,"column":4},"end":{"line":33,"column":5}}},"fnMap":{"0":{"name":"AddNewTask","decl":{"start":{"line":3,"column":24},"end":{"line":3,"column":34}},"loc":{"start":{"line":3,"column":59},"end":{"line":34,"column":1}},"line":3},"1":{"name":"handleClick","decl":{"start":{"line":5,"column":13},"end":{"line":5,"column":24}},"loc":{"start":{"line":5,"column":26},"end":{"line":20,"column":5}},"line":5},"2":{"name":"(anonymous_2)","decl":{"start":{"line":16,"column":24},"end":{"line":16,"column":25}},"loc":{"start":{"line":16,"column":40},"end":{"line":18,"column":13}},"line":16}},"branchMap":{"0":{"loc":{"start":{"line":10,"column":8},"end":{"line":19,"column":9}},"type":"if","locations":[{"start":{"line":10,"column":8},"end":{"line":19,"column":9}},{"start":{"line":12,"column":15},"end":{"line":19,"column":9}}],"line":10}},"s":{"0":37,"1":37,"2":37,"3":37,"4":37,"5":2,"6":35,"7":35,"8":35,"9":35,"10":35,"11":72},"f":{"0":72,"1":37,"2":35},"b":{"0":[2,35]},"_coverageSchema":"1a1c01bbd47fc00a2c39e90264f33305004495a9","hash":"6b3457536560d9ab68a4a04f2939e99938b5bfbc"}
,"C:\\Bitnami\\wampstack-8.1.6-0\\apache2\\htdocs\\reactTaskboard\\src\\components\\Column.js": {"path":"C:\\Bitnami\\wampstack-8.1.6-0\\apache2\\htdocs\\reactTaskboard\\src\\components\\Column.js","statementMap":{"0":{"start":{"line":6,"column":25},"end":{"line":16,"column":11}},"1":{"start":{"line":7,"column":8},"end":{"line":16,"column":9}},"2":{"start":{"line":18,"column":4},"end":{"line":28,"column":5}}},"fnMap":{"0":{"name":"Column","decl":{"start":{"line":4,"column":24},"end":{"line":4,"column":30}},"loc":{"start":{"line":4,"column":75},"end":{"line":29,"column":1}},"line":4},"1":{"name":"(anonymous_1)","decl":{"start":{"line":6,"column":41},"end":{"line":6,"column":42}},"loc":{"start":{"line":6,"column":49},"end":{"line":16,"column":10}},"line":6}},"branchMap":{},"s":{"0":208,"1":80,"2":208},"f":{"0":208,"1":80},"b":{},"_coverageSchema":"1a1c01bbd47fc00a2c39e90264f33305004495a9","hash":"8b50e8634129f756e4b70cf8a0aada942a342e99"}
,"C:\\Bitnami\\wampstack-8.1.6-0\\apache2\\htdocs\\reactTaskboard\\src\\components\\FilterTask.js": {"path":"C:\\Bitnami\\wampstack-8.1.6-0\\apache2\\htdocs\\reactTaskboard\\src\\components\\FilterTask.js","statementMap":{"0":{"start":{"line":6,"column":20},"end":{"line":6,"column":72}},"1":{"start":{"line":7,"column":8},"end":{"line":18,"column":15}},"2":{"start":{"line":8,"column":12},"end":{"line":18,"column":13}},"3":{"start":{"line":10,"column":20},"end":{"line":16,"column":21}},"4":{"start":{"line":11,"column":24},"end":{"line":11,"column":54}},"5":{"start":{"line":12,"column":27},"end":{"line":16,"column":21}},"6":{"start":{"line":13,"column":24},"end":{"line":15,"column":25}},"7":{"start":{"line":21,"column":4},"end":{"line":25,"column":5}}},"fnMap":{"0":{"name":"FilterTask","decl":{"start":{"line":3,"column":24},"end":{"line":3,"column":34}},"loc":{"start":{"line":3,"column":59},"end":{"line":26,"column":1}},"line":3},"1":{"name":"filterList","decl":{"start":{"line":5,"column":13},"end":{"line":5,"column":23}},"loc":{"start":{"line":5,"column":26},"end":{"line":19,"column":9}},"line":5},"2":{"name":"(anonymous_2)","decl":{"start":{"line":7,"column":20},"end":{"line":7,"column":21}},"loc":{"start":{"line":7,"column":36},"end":{"line":18,"column":14}},"line":7},"3":{"name":"(anonymous_3)","decl":{"start":{"line":9,"column":34},"end":{"line":9,"column":35}},"loc":{"start":{"line":9,"column":42},"end":{"line":17,"column":17}},"line":9}},"branchMap":{"0":{"loc":{"start":{"line":10,"column":20},"end":{"line":16,"column":21}},"type":"if","locations":[{"start":{"line":10,"column":20},"end":{"line":16,"column":21}},{"start":{"line":12,"column":27},"end":{"line":16,"column":21}}],"line":10},"1":{"loc":{"start":{"line":12,"column":27},"end":{"line":16,"column":21}},"type":"if","locations":[{"start":{"line":12,"column":27},"end":{"line":16,"column":21}},{"start":{},"end":{}}],"line":12},"2":{"loc":{"start":{"line":14,"column":28},"end":{"line":14,"column":89}},"type":"cond-expr","locations":[{"start":{"line":14,"column":60},"end":{"line":14,"column":64}},{"start":{"line":14,"column":67},"end":{"line":14,"column":89}}],"line":14}},"s":{"0":7,"1":7,"2":7,"3":21,"4":3,"5":18,"6":18,"7":36},"f":{"0":36,"1":7,"2":7,"3":21},"b":{"0":[3,18],"1":[18,0],"2":[9,9]},"_coverageSchema":"1a1c01bbd47fc00a2c39e90264f33305004495a9","hash":"3e6dedf87ec771453c96d4fb4662df299c69487e"}
,"C:\\Bitnami\\wampstack-8.1.6-0\\apache2\\htdocs\\reactTaskboard\\src\\components\\TaskDisplay.js": {"path":"C:\\Bitnami\\wampstack-8.1.6-0\\apache2\\htdocs\\reactTaskboard\\src\\components\\TaskDisplay.js","statementMap":{"0":{"start":{"line":7,"column":26},"end":{"line":10,"column":10}},"1":{"start":{"line":8,"column":12},"end":{"line":9,"column":26}},"2":{"start":{"line":9,"column":12},"end":{"line":9,"column":26}},"3":{"start":{"line":11,"column":8},"end":{"line":11,"column":26}},"4":{"start":{"line":14,"column":4},"end":{"line":20,"column":5}}},"fnMap":{"0":{"name":"TaskDisplay","decl":{"start":{"line":4,"column":24},"end":{"line":4,"column":35}},"loc":{"start":{"line":4,"column":61},"end":{"line":21,"column":1}},"line":4},"1":{"name":"countTask","decl":{"start":{"line":6,"column":13},"end":{"line":6,"column":22}},"loc":{"start":{"line":6,"column":34},"end":{"line":12,"column":5}},"line":6},"2":{"name":"(anonymous_2)","decl":{"start":{"line":7,"column":42},"end":{"line":7,"column":43}},"loc":{"start":{"line":7,"column":53},"end":{"line":10,"column":9}},"line":7}},"branchMap":{"0":{"loc":{"start":{"line":8,"column":12},"end":{"line":9,"column":26}},"type":"if","locations":[{"start":{"line":8,"column":12},"end":{"line":9,"column":26}},{"start":{},"end":{}}],"line":8}},"s":{"0":207,"1":243,"2":80,"3":207,"4":69},"f":{"0":69,"1":207,"2":243},"b":{"0":[80,163]},"_coverageSchema":"1a1c01bbd47fc00a2c39e90264f33305004495a9","hash":"937bec714a1e49aec74436a304323fabce701f4d"}
,"C:\\Bitnami\\wampstack-8.1.6-0\\apache2\\htdocs\\reactTaskboard\\src\\components\\TaskTemplate.js": {"path":"C:\\Bitnami\\wampstack-8.1.6-0\\apache2\\htdocs\\reactTaskboard\\src\\components\\TaskTemplate.js","statementMap":{"0":{"start":{"line":6,"column":8},"end":{"line":8,"column":10}},"1":{"start":{"line":7,"column":12},"end":{"line":7,"column":67}},"2":{"start":{"line":7,"column":50},"end":{"line":7,"column":64}},"3":{"start":{"line":11,"column":8},"end":{"line":15,"column":15}},"4":{"start":{"line":12,"column":12},"end":{"line":15,"column":13}},"5":{"start":{"line":14,"column":20},"end":{"line":14,"column":79}},"6":{"start":{"line":17,"column":4},"end":{"line":30,"column":5}},"7":{"start":{"line":24,"column":68},"end":{"line":24,"column":79}},"8":{"start":{"line":25,"column":68},"end":{"line":25,"column":79}},"9":{"start":{"line":26,"column":68},"end":{"line":26,"column":79}}},"fnMap":{"0":{"name":"TaskTemplate","decl":{"start":{"line":3,"column":24},"end":{"line":3,"column":36}},"loc":{"start":{"line":3,"column":90},"end":{"line":31,"column":1}},"line":3},"1":{"name":"removeTask","decl":{"start":{"line":5,"column":13},"end":{"line":5,"column":23}},"loc":{"start":{"line":5,"column":25},"end":{"line":8,"column":11}},"line":5},"2":{"name":"(anonymous_2)","decl":{"start":{"line":6,"column":20},"end":{"line":6,"column":21}},"loc":{"start":{"line":6,"column":36},"end":{"line":8,"column":9}},"line":6},"3":{"name":"(anonymous_3)","decl":{"start":{"line":7,"column":41},"end":{"line":7,"column":42}},"loc":{"start":{"line":7,"column":50},"end":{"line":7,"column":64}},"line":7},"4":{"name":"moveTask","decl":{"start":{"line":10,"column":13},"end":{"line":10,"column":21}},"loc":{"start":{"line":10,"column":30},"end":{"line":15,"column":16}},"line":10},"5":{"name":"(anonymous_5)","decl":{"start":{"line":11,"column":20},"end":{"line":11,"column":21}},"loc":{"start":{"line":11,"column":36},"end":{"line":15,"column":14}},"line":11},"6":{"name":"(anonymous_6)","decl":{"start":{"line":13,"column":33},"end":{"line":13,"column":34}},"loc":{"start":{"line":13,"column":41},"end":{"line":14,"column":80}},"line":13},"7":{"name":"(anonymous_7)","decl":{"start":{"line":24,"column":62},"end":{"line":24,"column":63}},"loc":{"start":{"line":24,"column":68},"end":{"line":24,"column":79}},"line":24},"8":{"name":"(anonymous_8)","decl":{"start":{"line":25,"column":62},"end":{"line":25,"column":63}},"loc":{"start":{"line":25,"column":68},"end":{"line":25,"column":79}},"line":25},"9":{"name":"(anonymous_9)","decl":{"start":{"line":26,"column":62},"end":{"line":26,"column":63}},"loc":{"start":{"line":26,"column":68},"end":{"line":26,"column":79}},"line":26}},"branchMap":{"0":{"loc":{"start":{"line":14,"column":27},"end":{"line":14,"column":78}},"type":"cond-expr","locations":[{"start":{"line":14,"column":47},"end":{"line":14,"column":71}},{"start":{"line":14,"column":74},"end":{"line":14,"column":78}}],"line":14},"1":{"loc":{"start":{"line":18,"column":87},"end":{"line":18,"column":110}},"type":"cond-expr","locations":[{"start":{"line":18,"column":94},"end":{"line":18,"column":101}},{"start":{"line":18,"column":104},"end":{"line":18,"column":110}}],"line":18},"2":{"loc":{"start":{"line":24,"column":21},"end":{"line":24,"column":95}},"type":"binary-expr","locations":[{"start":{"line":24,"column":21},"end":{"line":24,"column":33}},{"start":{"line":24,"column":37},"end":{"line":24,"column":95}}],"line":24},"3":{"loc":{"start":{"line":25,"column":21},"end":{"line":25,"column":101}},"type":"binary-expr","locations":[{"start":{"line":25,"column":21},"end":{"line":25,"column":33}},{"start":{"line":25,"column":37},"end":{"line":25,"column":101}}],"line":25},"4":{"loc":{"start":{"line":26,"column":21},"end":{"line":26,"column":98}},"type":"binary-expr","locations":[{"start":{"line":26,"column":21},"end":{"line":26,"column":33}},{"start":{"line":26,"column":37},"end":{"line":26,"column":98}}],"line":26}},"s":{"0":2,"1":2,"2":2,"3":3,"4":3,"5":3,"6":80,"7":1,"8":1,"9":1},"f":{"0":80,"1":2,"2":2,"3":2,"4":3,"5":3,"6":3,"7":1,"8":1,"9":1},"b":{"0":[3,0],"1":[71,9],"2":[80,47],"3":[80,55],"4":[80,58]},"_coverageSchema":"1a1c01bbd47fc00a2c39e90264f33305004495a9","hash":"7ee20ae9481f2bfd217976e25bae0aabcee7514c"}
}
