TN:
SF:src\App.js
FN:7,App
FNF:1
FNH:1
FNDA:11,App
DA:8,11
DA:9,11
LF:2
LH:2
BRF:0
BRH:0
end_of_record
TN:
SF:src\index.js
FNF:0
FNH:0
DA:5,0
LF:1
LH:0
BRF:0
BRH:0
end_of_record
TN:
SF:src\components\AddNewTask.js
FN:3,AddNewTask
FN:5,handleClick
FN:16,(anonymous_2)
FNF:3
FNH:3
FNDA:46,AddNewTask
FNDA:19,handleClick
FNDA:17,(anonymous_2)
DA:6,19
DA:7,19
DA:8,19
DA:9,19
DA:10,19
DA:11,2
DA:13,17
DA:14,17
DA:15,17
DA:16,17
DA:17,17
DA:22,46
LF:12
LH:12
BRDA:10,0,0,2
BRDA:10,0,1,17
BRF:2
BRH:2
end_of_record
TN:
SF:src\components\Column.js
FN:4,Column
FN:6,(anonymous_1)
FNF:2
FNH:2
FNDA:136,Column
FNDA:44,(anonymous_1)
DA:6,136
DA:7,44
DA:18,136
LF:3
LH:3
BRF:0
BRH:0
end_of_record
TN:
SF:src\components\FilterTask.js
FN:3,FilterTask
FN:5,filterList
FN:7,(anonymous_2)
FN:9,(anonymous_3)
FNF:4
FNH:4
FNDA:12,FilterTask
FNDA:7,filterList
FNDA:7,(anonymous_2)
FNDA:21,(anonymous_3)
DA:6,7
DA:7,7
DA:8,7
DA:10,21
DA:11,3
DA:12,18
DA:13,18
DA:21,12
LF:8
LH:8
BRDA:10,0,0,3
BRDA:10,0,1,18
BRDA:12,1,0,18
BRDA:12,1,1,0
BRDA:14,2,0,9
BRDA:14,2,1,9
BRF:6
BRH:5
end_of_record
TN:
SF:src\components\TaskDisplay.js
FN:4,TaskDisplay
FN:6,countTask
FN:7,(anonymous_2)
FNF:3
FNH:3
FNDA:45,TaskDisplay
FNDA:135,countTask
FNDA:135,(anonymous_2)
DA:7,135
DA:8,135
DA:9,44
DA:11,135
DA:14,45
LF:5
LH:5
BRDA:8,0,0,44
BRDA:8,0,1,91
BRF:2
BRH:2
end_of_record
TN:
SF:src\components\TaskTemplate.js
FN:3,TaskTemplate
FN:5,removeTask
FN:6,(anonymous_2)
FN:7,(anonymous_3)
FN:10,moveTask
FN:11,(anonymous_5)
FN:13,(anonymous_6)
FN:24,(anonymous_7)
FN:25,(anonymous_8)
FN:26,(anonymous_9)
FNF:10
FNH:9
FNDA:44,TaskTemplate
FNDA:2,removeTask
FNDA:2,(anonymous_2)
FNDA:2,(anonymous_3)
FNDA:3,moveTask
FNDA:3,(anonymous_5)
FNDA:3,(anonymous_6)
FNDA:0,(anonymous_7)
FNDA:2,(anonymous_8)
FNDA:1,(anonymous_9)
DA:6,2
DA:7,2
DA:11,3
DA:12,3
DA:14,3
DA:17,44
DA:24,0
DA:25,2
DA:26,1
LF:9
LH:8
BRDA:14,0,0,3
BRDA:14,0,1,0
BRDA:18,1,0,27
BRDA:18,1,1,17
BRDA:24,2,0,44
BRDA:24,2,1,29
BRDA:25,3,0,44
BRDA:25,3,1,31
BRDA:26,4,0,44
BRDA:26,4,1,28
BRF:10
BRH:9
end_of_record
